TensorFlow-Object-Detection-and-Classification-Android-Example-master/gradleBuild/intermediates/manifest_merge_blame_file/debug/manifest-merger-blame-debug-report.txt
1<?xml version="1.0" encoding="utf-8"?>
2<manifest xmlns:android="http://schemas.android.com/apk/res/android"
3    package="hash.tf.objectdetection"
4    android:versionCode="1"
5    android:versionName="1" >
6
7    <uses-sdk
7-->TensorFlow-Object-Detection-and-Classification-Android-Example-master\AndroidManifest.xml:5:5-6:41
8        android:minSdkVersion="28"
8-->TensorFlow-Object-Detection-and-Classification-Android-Example-master\AndroidManifest.xml:5:5-6:41
9        android:targetSdkVersion="28" />
9-->TensorFlow-Object-Detection-and-Classification-Android-Example-master\AndroidManifest.xml:6:9-38
10
11    <uses-permission android:name="android.permission.CAMERA" />
11-->TensorFlow-Object-Detection-and-Classification-Android-Example-master\AndroidManifest.xml:8:5-65
11-->TensorFlow-Object-Detection-and-Classification-Android-Example-master\AndroidManifest.xml:8:22-62
12
13    <uses-feature android:name="android.hardware.camera" />
13-->TensorFlow-Object-Detection-and-Classification-Android-Example-master\AndroidManifest.xml:10:5-60
13-->TensorFlow-Object-Detection-and-Classification-Android-Example-master\AndroidManifest.xml:10:19-57
14    <uses-feature android:name="android.hardware.camera.autofocus" />
14-->TensorFlow-Object-Detection-and-Classification-Android-Example-master\AndroidManifest.xml:11:5-70
14-->TensorFlow-Object-Detection-and-Classification-Android-Example-master\AndroidManifest.xml:11:19-67
15
16    <uses-permission android:name="android.permission.WRITE_EXTERNAL_STORAGE" />
17    <uses-permission android:name="android.permission.READ_PHONE_STATE" />
18    <uses-permission android:name="android.permission.READ_EXTERNAL_STORAGE" />
19
20    <application
20-->TensorFlow-Object-Detection-and-Classification-Android-Example-master\AndroidManifest.xml:13:5-32:19
21        android:allowBackup="true"
21-->TensorFlow-Object-Detection-and-Classification-Android-Example-master\AndroidManifest.xml:14:9-35
22        android:debuggable="true"
23        android:extractNativeLibs="false"
24        android:icon="@drawable/icon2"
24-->TensorFlow-Object-Detection-and-Classification-Android-Example-master\AndroidManifest.xml:15:9-39
25        android:label="@string/app_name"
25-->TensorFlow-Object-Detection-and-Classification-Android-Example-master\AndroidManifest.xml:16:9-41
26        android:largeHeap="true"
26-->TensorFlow-Object-Detection-and-Classification-Android-Example-master\AndroidManifest.xml:17:9-33
27        android:supportsRtl="false"
27-->TensorFlow-Object-Detection-and-Classification-Android-Example-master\AndroidManifest.xml:18:9-36
28        android:testOnly="true"
29        android:theme="@style/MaterialTheme" >
29-->TensorFlow-Object-Detection-and-Classification-Android-Example-master\AndroidManifest.xml:19:9-45
30        <activity android:name="org.tensorflow.demo.DetectorActivity" >
30-->TensorFlow-Object-Detection-and-Classification-Android-Example-master\AndroidManifest.xml:20:9-21:20
30-->TensorFlow-Object-Detection-and-Classification-Android-Example-master\AndroidManifest.xml:20:19-51
31        </activity>
32        <activity android:name="org.tensorflow.demo.CameraActivity" >
32-->TensorFlow-Object-Detection-and-Classification-Android-Example-master\AndroidManifest.xml:22:9-23:20
32-->TensorFlow-Object-Detection-and-Classification-Android-Example-master\AndroidManifest.xml:22:19-49
33        </activity>
34        <activity
34-->TensorFlow-Object-Detection-and-Classification-Android-Example-master\AndroidManifest.xml:24:9-31:20
35            android:name="org.tensorflow.demo.Start"
35-->TensorFlow-Object-Detection-and-Classification-Android-Example-master\AndroidManifest.xml:25:13-34
36            android:screenOrientation="fullSensor" >
36-->TensorFlow-Object-Detection-and-Classification-Android-Example-master\AndroidManifest.xml:26:13-51
37            <intent-filter>
37-->TensorFlow-Object-Detection-and-Classification-Android-Example-master\AndroidManifest.xml:27:13-30:29
38                <action android:name="android.intent.action.MAIN" />
38-->TensorFlow-Object-Detection-and-Classification-Android-Example-master\AndroidManifest.xml:28:17-69
38-->TensorFlow-Object-Detection-and-Classification-Android-Example-master\AndroidManifest.xml:28:25-66
39
40                <category android:name="android.intent.category.LAUNCHER" />
40-->TensorFlow-Object-Detection-and-Classification-Android-Example-master\AndroidManifest.xml:29:17-77
40-->TensorFlow-Object-Detection-and-Classification-Android-Example-master\AndroidManifest.xml:29:27-74
41            </intent-filter>
42        </activity>
43
44        <meta-data
44-->[com.android.support:appcompat-v7:25.4.0] AndroidManifest.xml:26:9-28:38
45            android:name="android.support.VERSION"
45-->[com.android.support:appcompat-v7:25.4.0] AndroidManifest.xml:27:13-51
46            android:value="25.4.0" />
46-->[com.android.support:appcompat-v7:25.4.0] AndroidManifest.xml:28:13-35
47    </application>
48
49</manifest>